[debug] [2021-05-19T18:45:34.132Z] ----------------------------------------------------------------------
[debug] [2021-05-19T18:45:34.140Z] Command:       C:\Program Files\nodejs\node.exe C:\Users\PRAPHULL\AppData\Roaming\npm\node_modules\firebase-tools\lib\bin\firebase.js emulators:start
[debug] [2021-05-19T18:45:34.141Z] CLI Version:   8.10.0
[debug] [2021-05-19T18:45:34.141Z] Platform:      win32
[debug] [2021-05-19T18:45:34.142Z] Node Version:  v12.19.0
[debug] [2021-05-19T18:45:34.143Z] Time:          Thu May 20 2021 00:15:34 GMT+0530 (India Standard Time)
[debug] [2021-05-19T18:45:34.144Z] ----------------------------------------------------------------------
[debug] [2021-05-19T18:45:34.144Z] 
[debug] [2021-05-19T18:45:34.238Z] > command requires scopes: ["email","openid","https://www.googleapis.com/auth/cloudplatformprojects.readonly","https://www.googleapis.com/auth/firebase","https://www.googleapis.com/auth/cloud-platform"]
[debug] [2021-05-19T18:45:34.239Z] > authorizing via signed-in user
[info] i  emulators: Starting emulators: functions, hosting {"metadata":{"emulator":{"name":"hub"},"message":"Starting emulators: functions, hosting"}}
[debug] [2021-05-19T18:45:35.470Z] [hub] writing locator at C:\Users\PRAPHULL\AppData\Local\Temp\hub-clone-6eb4b.json
[warn] !  functions: The following emulators are not running, calls to these services from the Functions emulator will affect production: firestore, database, pubsub {"metadata":{"emulator":{"name":"functions"},"message":"The following emulators are not running, calls to these services from the Functions emulator will affect production: \u001b[1mfirestore, database, pubsub\u001b[22m"}}
[warn] !  Your requested "node" version "10" doesn't match your global version "12" {"metadata":{"emulator":{"name":"functions"},"message":"Your requested \"node\" version \"10\" doesn't match your global version \"12\""}}
[debug] [2021-05-19T18:45:36.771Z] defaultcredentials: writing to file C:\Users\PRAPHULL\AppData\Roaming\firebase\pranjeetdhanapune_gmail_com_application_default_credentials.json
[debug] [2021-05-19T18:45:36.813Z] Setting GAC to C:\Users\PRAPHULL\AppData\Roaming\firebase\pranjeetdhanapune_gmail_com_application_default_credentials.json {"metadata":{"emulator":{"name":"functions"},"message":"Setting GAC to C:\\Users\\PRAPHULL\\AppData\\Roaming\\firebase\\pranjeetdhanapune_gmail_com_application_default_credentials.json"}}
[debug] [2021-05-19T18:45:39.036Z] >>> HTTP REQUEST GET https://firebase.googleapis.com/v1beta1/projects/clone-6eb4b/webApps/-/config  
 
[debug] [2021-05-19T18:45:41.004Z] <<< HTTP RESPONSE 200 {"content-type":"application/json; charset=UTF-8","vary":"X-Origin, Referer, Origin,Accept-Encoding","date":"Wed, 19 May 2021 18:45:42 GMT","server":"ESF","cache-control":"private","x-xss-protection":"0","x-frame-options":"SAMEORIGIN","x-content-type-options":"nosniff","alt-svc":"h3-29=\":443\"; ma=2592000,h3-T051=\":443\"; ma=2592000,h3-Q050=\":443\"; ma=2592000,h3-Q046=\":443\"; ma=2592000,h3-Q043=\":443\"; ma=2592000,quic=\":443\"; ma=2592000; v=\"46,43\"","accept-ranges":"none","transfer-encoding":"chunked"}
[info] i  hosting: Serving hosting files from: build {"metadata":{"emulator":{"name":"hosting"},"message":"Serving hosting files from: \u001b[1mbuild\u001b[22m"}}
[info] +  hosting: Local server: http://localhost:5000 {"metadata":{"emulator":{"name":"hosting"},"message":"Local server: \u001b[4m\u001b[1mhttp://localhost:5000\u001b[22m\u001b[24m"}}
[debug] [2021-05-19T18:45:44.390Z] Ignoring unsupported arg: auto_download {"metadata":{"emulator":{"name":"ui"},"message":"Ignoring unsupported arg: auto_download"}}
[debug] [2021-05-19T18:45:44.391Z] Ignoring unsupported arg: port {"metadata":{"emulator":{"name":"ui"},"message":"Ignoring unsupported arg: port"}}
[debug] [2021-05-19T18:45:44.392Z] Starting Emulator UI with command {"binary":"node","args":["C:\\Users\\PRAPHULL\\.cache\\firebase\\emulators\\ui-v1.1.1\\server.bundle.js"],"optionalArgs":[],"joinArgs":false} {"metadata":{"emulator":{"name":"ui"},"message":"Starting Emulator UI with command {\"binary\":\"node\",\"args\":[\"C:\\\\Users\\\\PRAPHULL\\\\.cache\\\\firebase\\\\emulators\\\\ui-v1.1.1\\\\server.bundle.js\"],\"optionalArgs\":[],\"joinArgs\":false}"}}
[info] i  ui: Emulator UI logging to ui-debug.log {"metadata":{"emulator":{"name":"ui"},"message":"Emulator UI logging to \u001b[1mui-debug.log\u001b[22m"}}
[debug] [2021-05-19T18:45:44.739Z] Web / API server started at http://localhost:4000
 {"metadata":{"emulator":{"name":"ui"},"message":"Web / API server started at http://localhost:4000\n"}}
[info] i  functions: Watching "E:\Projects\React Projects\amazon-clone-app\functions" for Cloud Functions... {"metadata":{"emulator":{"name":"functions"},"message":"Watching \"E:\\Projects\\React Projects\\amazon-clone-app\\functions\" for Cloud Functions..."}}
[debug] [2021-05-19T18:45:45.054Z] [worker-pool] addWorker(~diagnostic~) {"metadata":{"emulator":{"name":"functions"},"message":"[worker-pool] addWorker(~diagnostic~)"}}
[debug] [2021-05-19T18:45:45.055Z] [worker-pool] Adding worker with key ~diagnostic~, total=1 {"metadata":{"emulator":{"name":"functions"},"message":"[worker-pool] Adding worker with key ~diagnostic~, total=1"}}
[debug] [2021-05-19T18:45:45.055Z] [worker-pool] submitWork(triggerId=) {"metadata":{"emulator":{"name":"functions"},"message":"[worker-pool] submitWork(triggerId=)"}}
[debug] [2021-05-19T18:45:45.057Z] [worker-~diagnostic~-0cb8aae1-3e00-491e-8bf2-cb5385e63bc6]: Assigning socketPath: \\?\pipe\E:\Projects\React Projects\amazon-clone-app\functions\20260 {"metadata":{"emulator":{"name":"functions"},"message":"[worker-~diagnostic~-0cb8aae1-3e00-491e-8bf2-cb5385e63bc6]: Assigning socketPath: \\\\?\\pipe\\E:\\Projects\\React Projects\\amazon-clone-app\\functions\\20260"}}
[debug] [2021-05-19T18:45:45.057Z] [worker-~diagnostic~-0cb8aae1-3e00-491e-8bf2-cb5385e63bc6]: BUSY {"metadata":{"emulator":{"name":"functions"},"message":"[worker-~diagnostic~-0cb8aae1-3e00-491e-8bf2-cb5385e63bc6]: BUSY"}}
